D:\张亮文件\工业相机视觉文件\CAMERASHOW\ASYNCHRONOUSGRAB\QT\BUILD\VS2010\GENERATEDFILES\DEBUG\MOC_ASYNCHRONOUSGRAB.CPP
D:\张亮文件\工业相机视觉文件\CAMERASHOW\ASYNCHRONOUSGRAB\QT\BUILD\VS2010\GENERATEDFILES\DEBUG\MOC_CAMERAOBSERVER.CPP
D:\张亮文件\工业相机视觉文件\CAMERASHOW\ASYNCHRONOUSGRAB\QT\BUILD\VS2010\GENERATEDFILES\DEBUG\MOC_FRAMEOBSERVER.CPP
D:\张亮文件\工业相机视觉文件\CAMERASHOW\ASYNCHRONOUSGRAB\QT\BUILD\VS2010\GENERATEDFILES\DEBUG\MOC_MYSERVER.CPP
D:\张亮文件\工业相机视觉文件\CAMERASHOW\ASYNCHRONOUSGRAB\QT\BUILD\VS2010\GENERATEDFILES\QRC_ASYNCHRONOUSGRAB.CPP
D:\张亮文件\工业相机视觉文件\CAMERASHOW\ASYNCHRONOUSGRAB\QT\BUILD\VS2010\GENERATEDFILES\UI_ASYNCHRONOUSGRAB.H
D:\张亮文件\工业相机视觉文件\CAMERASHOW\ASYNCHRONOUSGRAB\QT\BUILD\VS2010\WIN32\DEBUG\APICONTROLLER.OBJ
D:\张亮文件\工业相机视觉文件\CAMERASHOW\ASYNCHRONOUSGRAB\QT\BUILD\VS2010\WIN32\DEBUG\ASYNCHRONOUSGRAB.OBJ
D:\张亮文件\工业相机视觉文件\CameraShow\AsynchronousGrab\Qt\Build\VS2010\Win32\Debug\AsynchronousGrabQt.vcxprojResolveAssemblyReference.cache
D:\张亮文件\工业相机视觉文件\CameraShow\AsynchronousGrab\Qt\Build\VS2010\Win32\Debug\AsynchronousGrabQt.write.1.tlog
D:\张亮文件\工业相机视觉文件\CAMERASHOW\ASYNCHRONOUSGRAB\QT\BUILD\VS2010\WIN32\DEBUG\BFEEXTRACTOR.OBJ
D:\张亮文件\工业相机视觉文件\CAMERASHOW\ASYNCHRONOUSGRAB\QT\BUILD\VS2010\WIN32\DEBUG\CAMERAOBSERVER.OBJ
D:\张亮文件\工业相机视觉文件\CameraShow\AsynchronousGrab\Qt\Build\VS2010\Win32\Debug\cl.command.1.tlog
D:\张亮文件\工业相机视觉文件\CameraShow\AsynchronousGrab\Qt\Build\VS2010\Win32\Debug\CL.read.1.tlog
D:\张亮文件\工业相机视觉文件\CameraShow\AsynchronousGrab\Qt\Build\VS2010\Win32\Debug\CL.write.1.tlog
D:\张亮文件\工业相机视觉文件\CameraShow\AsynchronousGrab\Qt\Build\VS2010\Win32\Debug\custombuild.command.1.tlog
D:\张亮文件\工业相机视觉文件\CameraShow\AsynchronousGrab\Qt\Build\VS2010\Win32\Debug\custombuild.read.1.tlog
D:\张亮文件\工业相机视觉文件\CameraShow\AsynchronousGrab\Qt\Build\VS2010\Win32\Debug\custombuild.write.1.tlog
D:\张亮文件\工业相机视觉文件\CAMERASHOW\ASYNCHRONOUSGRAB\QT\BUILD\VS2010\WIN32\DEBUG\FRAMEOBSERVER.OBJ
D:\张亮文件\工业相机视觉文件\CAMERASHOW\ASYNCHRONOUSGRAB\QT\BUILD\VS2010\WIN32\DEBUG\MAIN.OBJ
D:\张亮文件\工业相机视觉文件\CAMERASHOW\ASYNCHRONOUSGRAB\QT\BUILD\VS2010\WIN32\DEBUG\MOC_ASYNCHRONOUSGRAB.OBJ
D:\张亮文件\工业相机视觉文件\CAMERASHOW\ASYNCHRONOUSGRAB\QT\BUILD\VS2010\WIN32\DEBUG\MOC_CAMERAOBSERVER.OBJ
D:\张亮文件\工业相机视觉文件\CAMERASHOW\ASYNCHRONOUSGRAB\QT\BUILD\VS2010\WIN32\DEBUG\MOC_FRAMEOBSERVER.OBJ
D:\张亮文件\工业相机视觉文件\CAMERASHOW\ASYNCHRONOUSGRAB\QT\BUILD\VS2010\WIN32\DEBUG\MOC_MYSERVER.OBJ
D:\张亮文件\工业相机视觉文件\CAMERASHOW\ASYNCHRONOUSGRAB\QT\BUILD\VS2010\WIN32\DEBUG\MYBOWTRAIN.OBJ
D:\张亮文件\工业相机视觉文件\CAMERASHOW\ASYNCHRONOUSGRAB\QT\BUILD\VS2010\WIN32\DEBUG\MYSERVER.OBJ
D:\张亮文件\工业相机视觉文件\CAMERASHOW\ASYNCHRONOUSGRAB\QT\BUILD\VS2010\WIN32\DEBUG\TRAINSVM.OBJ
D:\张亮文件\工业相机视觉文件\CameraShow\AsynchronousGrab\Qt\Build\VS2010\Win32\Debug\vc100.pdb
