Build started 2017/3/16 16:31:36.
     1>Project "D:\张亮文件\工业相机视觉文件\CameraShow\LieDetect\LieDetect\LieDetect.vcxproj" on node 2 (build target(s)).
     1>InitializeBuildStatus:
         Creating "Debug\LieDetect.unsuccessfulbuild" because "AlwaysCreate" was specified.
       ClCompile:
         C:\Program Files (x86)\Microsoft Visual Studio 10.0\VC\bin\CL.exe /c /ZI /nologo /W3 /WX- /Od /Oy- /D WIN32 /D _DEBUG /D _CONSOLE /D _UNICODE /D UNICODE /Gm /EHsc /RTC1 /MDd /GS /fp:precise /Zc:wchar_t /Zc:forScope /Fo"Debug\\" /Fd"Debug\vc100.pdb" /Gd /TP /analyze- /errorReport:prompt test.cpp
         test.cpp
     1>d:\张亮文件\工业相机视觉文件\camerashow\liedetect\liedetect\test.cpp(82): warning C4244: 'initializing' : conversion from 'int' to 'float', possible loss of data
     1>d:\张亮文件\工业相机视觉文件\camerashow\liedetect\liedetect\test.cpp(83): warning C4244: 'initializing' : conversion from 'int' to 'float', possible loss of data
     1>d:\张亮文件\工业相机视觉文件\camerashow\liedetect\liedetect\test.cpp(85): warning C4244: 'initializing' : conversion from 'double' to 'float', possible loss of data
     1>d:\张亮文件\工业相机视觉文件\camerashow\liedetect\liedetect\test.cpp(115): warning C4244: '=' : conversion from 'float' to 'int', possible loss of data
     1>d:\张亮文件\工业相机视觉文件\camerashow\liedetect\liedetect\test.cpp(116): warning C4244: '=' : conversion from 'float' to 'int', possible loss of data
     1>d:\张亮文件\工业相机视觉文件\camerashow\liedetect\liedetect\test.cpp(120): warning C4244: '=' : conversion from 'float' to 'int', possible loss of data
     1>d:\张亮文件\工业相机视觉文件\camerashow\liedetect\liedetect\test.cpp(121): warning C4244: '=' : conversion from 'float' to 'int', possible loss of data
       ManifestResourceCompile:
         All outputs are up-to-date.
       Link:
         C:\Program Files (x86)\Microsoft Visual Studio 10.0\VC\bin\link.exe /ERRORREPORT:PROMPT /OUT:"D:\张亮文件\工业相机视觉文件\CameraShow\LieDetect\Debug\LieDetect.exe" /INCREMENTAL /NOLOGO opencv_ml2410d.lib opencv_calib3d2410d.lib opencv_contrib2410d.lib opencv_core2410d.lib opencv_features2d2410d.lib opencv_flann2410d.lib opencv_gpu2410d.lib opencv_highgui2410d.lib opencv_imgproc2410d.lib opencv_legacy2410d.lib opencv_objdetect2410d.lib opencv_ts2410d.lib opencv_video2410d.lib opencv_nonfree2410d.lib opencv_ocl2410d.lib opencv_photo2410d.lib opencv_stitching2410d.lib opencv_superres2410d.lib opencv_videostab2410d.lib opencv_objdetect2410.lib opencv_ts2410.lib opencv_video2410.lib opencv_nonfree2410.lib opencv_ocl2410.lib opencv_photo2410.lib opencv_stitching2410.lib opencv_superres2410.lib opencv_videostab2410.lib opencv_calib3d2410.lib opencv_contrib2410.lib opencv_core2410.lib opencv_features2d2410.lib opencv_flann2410.lib opencv_gpu2410.lib opencv_highgui2410.lib opencv_imgproc2410.lib opencv_legacy2410.lib opencv_ml2410.lib kernel32.lib user32.lib gdi32.lib winspool.lib comdlg32.lib advapi32.lib shell32.lib ole32.lib oleaut32.lib uuid.lib odbc32.lib odbccp32.lib /MANIFEST /ManifestFile:"Debug\LieDetect.exe.intermediate.manifest" /MANIFESTUAC:"level='asInvoker' uiAccess='false'" /DEBUG /PDB:"D:\张亮文件\工业相机视觉文件\CameraShow\LieDetect\Debug\LieDetect.pdb" /SUBSYSTEM:CONSOLE /TLBID:1 /DYNAMICBASE /NXCOMPAT /IMPLIB:"D:\张亮文件\工业相机视觉文件\CameraShow\LieDetect\Debug\LieDetect.lib" /MACHINE:X86 Debug\LieDetect.exe.embed.manifest.res
         Debug\test.obj
       Manifest:
         C:\Program Files (x86)\Microsoft SDKs\Windows\v7.0A\bin\mt.exe /nologo /verbose /out:"Debug\LieDetect.exe.embed.manifest" /manifest Debug\LieDetect.exe.intermediate.manifest
         All outputs are up-to-date.
       LinkEmbedManifest:
         All outputs are up-to-date.
         LieDetect.vcxproj -> D:\张亮文件\工业相机视觉文件\CameraShow\LieDetect\Debug\LieDetect.exe
       FinalizeBuildStatus:
         Deleting file "Debug\LieDetect.unsuccessfulbuild".
         Touching "Debug\LieDetect.lastbuildstate".
     1>Done Building Project "D:\张亮文件\工业相机视觉文件\CameraShow\LieDetect\LieDetect\LieDetect.vcxproj" (build target(s)).

Build succeeded.

Time Elapsed 00:00:01.26
